[INFO] [2016-09-19 20:26:49][org.springframework.context.support.ClassPathXmlApplicationContext]Refreshing org.springframework.context.support.ClassPathXmlApplicationContext@144c5230: startup date [Mon Sep 19 20:26:49 CST 2016]; root of context hierarchy
[INFO] [2016-09-19 20:26:49][org.springframework.beans.factory.xml.XmlBeanDefinitionReader]Loading XML bean definitions from class path resource [spring-mybatis.xml]
[WARN] [2016-09-19 20:26:50][org.mybatis.spring.mapper.ClassPathMapperScanner]No MyBatis mapper was found in '[boco.server.dao.*]' package. Please check your configuration.
[INFO] [2016-09-19 20:26:50][org.springframework.context.support.PropertySourcesPlaceholderConfigurer]Loading properties file from class path resource [datasource.properties]
[INFO] [2016-09-19 20:28:16][org.springframework.context.support.ClassPathXmlApplicationContext]Refreshing org.springframework.context.support.ClassPathXmlApplicationContext@78aeaea6: startup date [Mon Sep 19 20:28:16 CST 2016]; root of context hierarchy
[INFO] [2016-09-19 20:28:16][org.springframework.beans.factory.xml.XmlBeanDefinitionReader]Loading XML bean definitions from class path resource [spring-mybatis.xml]
[INFO] [2016-09-19 20:28:16][org.springframework.context.support.PropertySourcesPlaceholderConfigurer]Loading properties file from class path resource [datasource.properties]
[INFO] [2016-09-19 20:54:45][org.springframework.context.support.ClassPathXmlApplicationContext]Refreshing org.springframework.context.support.ClassPathXmlApplicationContext@144c5230: startup date [Mon Sep 19 20:54:45 CST 2016]; root of context hierarchy
[INFO] [2016-09-19 20:54:46][org.springframework.beans.factory.xml.XmlBeanDefinitionReader]Loading XML bean definitions from class path resource [spring-mybatis.xml]
[INFO] [2016-09-19 20:54:48][org.springframework.context.support.PropertySourcesPlaceholderConfigurer]Loading properties file from class path resource [datasource.properties]
[WARN] [2016-09-19 20:54:49][org.springframework.context.support.ClassPathXmlApplicationContext]Exception encountered during context initialization - cancelling refresh attempt: org.springframework.beans.factory.BeanCreationException: Error creating bean with name 'baseDao' defined in class path resource [spring-mybatis.xml]: Instantiation of bean failed; nested exception is org.springframework.beans.BeanInstantiationException: Failed to instantiate [boco.server.dao.IBaseDao]: Specified class is an interface
[INFO] [2016-09-19 20:58:29][org.springframework.context.support.ClassPathXmlApplicationContext]Refreshing org.springframework.context.support.ClassPathXmlApplicationContext@144c5230: startup date [Mon Sep 19 20:58:29 CST 2016]; root of context hierarchy
[INFO] [2016-09-19 20:58:29][org.springframework.beans.factory.xml.XmlBeanDefinitionReader]Loading XML bean definitions from class path resource [spring-mybatis.xml]
[INFO] [2016-09-19 20:58:29][org.springframework.context.support.PropertySourcesPlaceholderConfigurer]Loading properties file from class path resource [datasource.properties]
[INFO] [2016-09-19 21:00:35][org.springframework.context.support.ClassPathXmlApplicationContext]Refreshing org.springframework.context.support.ClassPathXmlApplicationContext@73cc86ee: startup date [Mon Sep 19 21:00:35 CST 2016]; root of context hierarchy
[INFO] [2016-09-19 21:00:35][org.springframework.beans.factory.xml.XmlBeanDefinitionReader]Loading XML bean definitions from class path resource [spring-mybatis.xml]
[INFO] [2016-09-19 21:01:33][org.springframework.context.support.ClassPathXmlApplicationContext]Refreshing org.springframework.context.support.ClassPathXmlApplicationContext@144c5230: startup date [Mon Sep 19 21:01:33 CST 2016]; root of context hierarchy
[INFO] [2016-09-19 21:01:33][org.springframework.beans.factory.xml.XmlBeanDefinitionReader]Loading XML bean definitions from class path resource [spring-mybatis.xml]
[INFO] [2016-09-19 21:02:51][org.springframework.context.support.ClassPathXmlApplicationContext]Refreshing org.springframework.context.support.ClassPathXmlApplicationContext@78aeaea6: startup date [Mon Sep 19 21:02:51 CST 2016]; root of context hierarchy
[INFO] [2016-09-19 21:02:51][org.springframework.beans.factory.xml.XmlBeanDefinitionReader]Loading XML bean definitions from class path resource [spring-mybatis.xml]
[INFO] [2016-09-19 21:02:51][org.springframework.context.support.PropertySourcesPlaceholderConfigurer]Loading properties file from class path resource [datasource.properties]
[INFO] [2016-09-20 08:13:23][org.springframework.context.support.ClassPathXmlApplicationContext]Refreshing org.springframework.context.support.ClassPathXmlApplicationContext@78aeaea6: startup date [Tue Sep 20 08:13:23 CST 2016]; root of context hierarchy
[INFO] [2016-09-20 08:13:24][org.springframework.beans.factory.xml.XmlBeanDefinitionReader]Loading XML bean definitions from class path resource [spring-mybatis.xml]
[INFO] [2016-09-20 08:13:25][org.springframework.context.support.PropertySourcesPlaceholderConfigurer]Loading properties file from class path resource [datasource.properties]
[INFO] [2016-09-20 08:14:54][org.springframework.context.support.ClassPathXmlApplicationContext]Refreshing org.springframework.context.support.ClassPathXmlApplicationContext@78aeaea6: startup date [Tue Sep 20 08:14:54 CST 2016]; root of context hierarchy
[INFO] [2016-09-20 08:14:54][org.springframework.beans.factory.xml.XmlBeanDefinitionReader]Loading XML bean definitions from class path resource [spring-mybatis.xml]
[INFO] [2016-09-20 08:14:54][org.springframework.context.support.PropertySourcesPlaceholderConfigurer]Loading properties file from class path resource [datasource.properties]
[INFO] [2016-09-20 08:31:07][org.springframework.context.support.ClassPathXmlApplicationContext]Refreshing org.springframework.context.support.ClassPathXmlApplicationContext@5c45f0ed: startup date [Tue Sep 20 08:31:07 CST 2016]; root of context hierarchy
[INFO] [2016-09-20 08:31:07][org.springframework.beans.factory.xml.XmlBeanDefinitionReader]Loading XML bean definitions from class path resource [spring-mybatis.xml]
[INFO] [2016-09-20 08:31:08][org.springframework.context.support.PropertySourcesPlaceholderConfigurer]Loading properties file from class path resource [datasource.properties]
[INFO] [2016-09-20 08:33:25][org.springframework.context.support.ClassPathXmlApplicationContext]Refreshing org.springframework.context.support.ClassPathXmlApplicationContext@78aeaea6: startup date [Tue Sep 20 08:33:25 CST 2016]; root of context hierarchy
[INFO] [2016-09-20 08:33:25][org.springframework.beans.factory.xml.XmlBeanDefinitionReader]Loading XML bean definitions from class path resource [spring-mybatis.xml]
[INFO] [2016-09-20 08:33:26][org.springframework.context.support.PropertySourcesPlaceholderConfigurer]Loading properties file from class path resource [datasource.properties]
[INFO] [2016-09-20 08:36:10][org.springframework.context.support.ClassPathXmlApplicationContext]Refreshing org.springframework.context.support.ClassPathXmlApplicationContext@144c5230: startup date [Tue Sep 20 08:36:10 CST 2016]; root of context hierarchy
[INFO] [2016-09-20 08:36:10][org.springframework.beans.factory.xml.XmlBeanDefinitionReader]Loading XML bean definitions from class path resource [spring-mybatis.xml]
[INFO] [2016-09-20 08:36:10][org.springframework.context.support.PropertySourcesPlaceholderConfigurer]Loading properties file from class path resource [datasource.properties]
[INFO] [2016-09-20 08:39:49][org.springframework.context.support.ClassPathXmlApplicationContext]Refreshing org.springframework.context.support.ClassPathXmlApplicationContext@73cc86ee: startup date [Tue Sep 20 08:39:49 CST 2016]; root of context hierarchy
[INFO] [2016-09-20 08:39:49][org.springframework.beans.factory.xml.XmlBeanDefinitionReader]Loading XML bean definitions from class path resource [spring-mybatis.xml]
[INFO] [2016-09-20 08:39:50][org.springframework.context.support.PropertySourcesPlaceholderConfigurer]Loading properties file from class path resource [datasource.properties]
[INFO] [2016-09-20 08:53:55][org.springframework.context.support.ClassPathXmlApplicationContext]Refreshing org.springframework.context.support.ClassPathXmlApplicationContext@144c5230: startup date [Tue Sep 20 08:53:55 CST 2016]; root of context hierarchy
[INFO] [2016-09-20 08:53:55][org.springframework.beans.factory.xml.XmlBeanDefinitionReader]Loading XML bean definitions from class path resource [spring-mybatis.xml]
[INFO] [2016-09-20 08:53:55][org.springframework.context.support.PropertySourcesPlaceholderConfigurer]Loading properties file from class path resource [datasource.properties]
[INFO] [2016-09-20 09:37:04][org.springframework.context.support.ClassPathXmlApplicationContext]Refreshing org.springframework.context.support.ClassPathXmlApplicationContext@6d9f06f7: startup date [Tue Sep 20 09:37:04 CST 2016]; root of context hierarchy
[INFO] [2016-09-20 09:37:04][org.springframework.beans.factory.xml.XmlBeanDefinitionReader]Loading XML bean definitions from class path resource [spring-mybatis.xml]
[INFO] [2016-09-20 09:37:04][org.springframework.context.support.PropertySourcesPlaceholderConfigurer]Loading properties file from class path resource [datasource.properties]
[INFO] [2016-09-20 09:43:07][org.springframework.context.support.ClassPathXmlApplicationContext]Refreshing org.springframework.context.support.ClassPathXmlApplicationContext@6d9f06f7: startup date [Tue Sep 20 09:43:07 CST 2016]; root of context hierarchy
[INFO] [2016-09-20 09:43:07][org.springframework.beans.factory.xml.XmlBeanDefinitionReader]Loading XML bean definitions from class path resource [spring-mybatis.xml]
[INFO] [2016-09-20 09:43:07][org.springframework.context.support.PropertySourcesPlaceholderConfigurer]Loading properties file from class path resource [datasource.properties]
[INFO] [2016-09-20 14:54:29][org.springframework.context.support.ClassPathXmlApplicationContext]Refreshing org.springframework.context.support.ClassPathXmlApplicationContext@4b9048da: startup date [Tue Sep 20 14:54:29 CST 2016]; root of context hierarchy
[INFO] [2016-09-20 14:54:29][org.springframework.beans.factory.xml.XmlBeanDefinitionReader]Loading XML bean definitions from class path resource [spring-mybatis.xml]
[INFO] [2016-09-20 14:54:31][org.springframework.context.support.PropertySourcesPlaceholderConfigurer]Loading properties file from class path resource [datasource.properties]
[INFO] [2016-09-20 15:01:54][org.springframework.context.support.ClassPathXmlApplicationContext]Refreshing org.springframework.context.support.ClassPathXmlApplicationContext@6d9f06f7: startup date [Tue Sep 20 15:01:54 CST 2016]; root of context hierarchy
[INFO] [2016-09-20 15:01:54][org.springframework.beans.factory.xml.XmlBeanDefinitionReader]Loading XML bean definitions from class path resource [spring-mybatis.xml]
[INFO] [2016-09-20 15:01:54][org.springframework.context.support.PropertySourcesPlaceholderConfigurer]Loading properties file from class path resource [datasource.properties]
[INFO] [2016-09-20 15:16:00][org.springframework.context.support.ClassPathXmlApplicationContext]Refreshing org.springframework.context.support.ClassPathXmlApplicationContext@6d9f06f7: startup date [Tue Sep 20 15:16:00 CST 2016]; root of context hierarchy
[INFO] [2016-09-20 15:16:00][org.springframework.beans.factory.xml.XmlBeanDefinitionReader]Loading XML bean definitions from class path resource [spring-mybatis.xml]
[INFO] [2016-09-20 15:16:01][org.springframework.context.support.PropertySourcesPlaceholderConfigurer]Loading properties file from class path resource [datasource.properties]
